#
# There is insufficient memory for the Java Runtime Environment to continue.
# Native memory allocation (malloc) failed to allocate 32744 bytes for ChunkPool::allocate
# Possible reasons:
#   The system is out of physical RAM or swap space
#   The process is running with CompressedOops enabled, and the Java Heap may be blocking the growth of the native heap
# Possible solutions:
#   Reduce memory load on the system
#   Increase physical memory or swap space
#   Check if swap backing store is full
#   Decrease Java heap size (-Xmx/-Xms)
#   Decrease number of Java threads
#   Decrease Java thread stack sizes (-Xss)
#   Set larger code cache with -XX:ReservedCodeCacheSize=
#   JVM is running with Unscaled Compressed Oops mode in which the Java heap is
#     placed in the first 4GB address space. The Java Heap base address is the
#     maximum limit for the native heap growth. Please use -XX:HeapBaseMinAddress
#     to set the Java Heap base and to place the Java Heap above 4GB virtual address.
# This output file may be truncated or incomplete.
#
#  Out of Memory Error (arena.cpp:78), pid=3908, tid=21236
#
# JRE version: Java(TM) SE Runtime Environment (17.0.2+8) (build 17.0.2+8-LTS-86)
# Java VM: Java HotSpot(TM) 64-Bit Server VM (17.0.2+8-LTS-86, mixed mode, sharing, tiered, compressed oops, compressed class ptrs, g1 gc, windows-amd64)
# No core dump will be written. Minidumps are not enabled by default on client versions of Windows
#

---------------  S U M M A R Y ------------

Command Line: -Dfile.encoding=UTF-8 --module-path=C:\Users\prabi\OneDrive\Documents\NetBeansProjects\Bank Management System\build\classes bank.management.system.Login

Host: 11th Gen Intel(R) Core(TM) i5-1155G7 @ 2.50GHz, 8 cores, 7G,  Windows 11 , 64 bit Build 26100 (10.0.26100.2454)
Time: Sun Jan 19 22:50:05 2025 India Standard Time elapsed time: 539.691737 seconds (0d 0h 8m 59s)

---------------  T H R E A D  ---------------

Current thread (0x0000020bee95dc20):  JavaThread "C1 CompilerThread0" daemon [_thread_in_native, id=21236, stack(0x0000003f79c00000,0x0000003f79d00000)]


Current CompileTask:
C1: 539691 2718       3       java.net.URLStreamHandler::parseURL (1201 bytes)

Stack: [0x0000003f79c00000,0x0000003f79d00000]
Native frames: (J=compiled Java code, j=interpreted, Vv=VM code, C=native code)
V  [jvm.dll+0x670baa]
V  [jvm.dll+0x7cfcb4]
V  [jvm.dll+0x7d145e]
V  [jvm.dll+0x7d1ac3]
V  [jvm.dll+0x242bc5]
V  [jvm.dll+0xaa7c0]
V  [jvm.dll+0xaab0c]
V  [jvm.dll+0x177663]
V  [jvm.dll+0x1771cd]
V  [jvm.dll+0x1771cd]
V  [jvm.dll+0x1754d4]
V  [jvm.dll+0x17579a]
V  [jvm.dll+0x178913]
V  [jvm.dll+0x132833]
V  [jvm.dll+0x13212f]
V  [jvm.dll+0x132366]
V  [jvm.dll+0x1317fa]
V  [jvm.dll+0x1334c1]
V  [jvm.dll+0x224908]
V  [jvm.dll+0x222a6c]
V  [jvm.dll+0x7859bb]
V  [jvm.dll+0x77ff7a]
V  [jvm.dll+0x66fa35]
C  [ucrtbase.dll+0x14ea0]
C  [KERNEL32.DLL+0x2e8d7]
C  [ntdll.dll+0xdfbcc]


---------------  P R O C E S S  ---------------

Threads class SMR info:
_java_thread_list=0x0000020bef7d4070, length=18, elements={
0x0000020bee9420a0, 0x0000020bee942a50, 0x0000020bee9561e0, 0x0000020bee95a000,
0x0000020bee957980, 0x0000020bee9587f0, 0x0000020bee95d180, 0x0000020bee95dc20,
0x0000020bee968c40, 0x0000020bee9574b0, 0x0000020bee959b30, 0x0000020bee957e50,
0x0000020bee959660, 0x0000020bee958320, 0x0000020bee95a4d0, 0x0000020bee95a9a0,
0x0000020bf0d2d320, 0x0000020bf0d2b170
}

Java Threads: ( => current thread )
  0x0000020bee9420a0 JavaThread "Reference Handler" daemon [_thread_blocked, id=21708, stack(0x0000003f79500000,0x0000003f79600000)]
  0x0000020bee942a50 JavaThread "Finalizer" daemon [_thread_blocked, id=28688, stack(0x0000003f79600000,0x0000003f79700000)]
  0x0000020bee9561e0 JavaThread "Signal Dispatcher" daemon [_thread_blocked, id=30340, stack(0x0000003f79700000,0x0000003f79800000)]
  0x0000020bee95a000 JavaThread "Attach Listener" daemon [_thread_blocked, id=15432, stack(0x0000003f79800000,0x0000003f79900000)]
  0x0000020bee957980 JavaThread "Service Thread" daemon [_thread_blocked, id=29280, stack(0x0000003f79900000,0x0000003f79a00000)]
  0x0000020bee9587f0 JavaThread "Monitor Deflation Thread" daemon [_thread_blocked, id=29532, stack(0x0000003f79a00000,0x0000003f79b00000)]
  0x0000020bee95d180 JavaThread "C2 CompilerThread0" daemon [_thread_blocked, id=29212, stack(0x0000003f79b00000,0x0000003f79c00000)]
=>0x0000020bee95dc20 JavaThread "C1 CompilerThread0" daemon [_thread_in_native, id=21236, stack(0x0000003f79c00000,0x0000003f79d00000)]
  0x0000020bee968c40 JavaThread "Sweeper thread" daemon [_thread_blocked, id=24784, stack(0x0000003f79d00000,0x0000003f79e00000)]
  0x0000020bee9574b0 JavaThread "Common-Cleaner" daemon [_thread_blocked, id=29752, stack(0x0000003f79e00000,0x0000003f79f00000)]
  0x0000020bee959b30 JavaThread "Notification Thread" daemon [_thread_blocked, id=25760, stack(0x0000003f79f00000,0x0000003f7a000000)]
  0x0000020bee957e50 JavaThread "Java2D Disposer" daemon [_thread_blocked, id=3176, stack(0x0000003f7a100000,0x0000003f7a200000)]
  0x0000020bee959660 JavaThread "AWT-Shutdown" [_thread_blocked, id=4748, stack(0x0000003f7a200000,0x0000003f7a300000)]
  0x0000020bee958320 JavaThread "AWT-Windows" daemon [_thread_in_native, id=10440, stack(0x0000003f7a300000,0x0000003f7a400000)]
  0x0000020bee95a4d0 JavaThread "AWT-EventQueue-0" [_thread_blocked, id=15568, stack(0x0000003f7a600000,0x0000003f7a700000)]
  0x0000020bee95a9a0 JavaThread "DestroyJavaVM" [_thread_blocked, id=18388, stack(0x0000003f78e00000,0x0000003f78f00000)]
  0x0000020bf0d2d320 JavaThread "TimerQueue" daemon [_thread_blocked, id=28024, stack(0x0000003f7aa00000,0x0000003f7ab00000)]
  0x0000020bf0d2b170 JavaThread "mysql-cj-abandoned-connection-cleanup" daemon [_thread_blocked, id=24856, stack(0x0000003f7a400000,0x0000003f7a500000)]

Other Threads:
  0x0000020bee93e710 VMThread "VM Thread" [stack: 0x0000003f79400000,0x0000003f79500000] [id=16856]
  0x0000020bd0b35ee0 WatcherThread [stack: 0x0000003f7a000000,0x0000003f7a100000] [id=24744]
  0x0000020bd0b19630 GCTaskThread "GC Thread#0" [stack: 0x0000003f78f00000,0x0000003f79000000] [id=24872]
  0x0000020bf10d67b0 GCTaskThread "GC Thread#1" [stack: 0x0000003f7ab00000,0x0000003f7ac00000] [id=20704]
  0x0000020bf120c880 GCTaskThread "GC Thread#2" [stack: 0x0000003f7ac00000,0x0000003f7ad00000] [id=26668]
  0x0000020bef7a05e0 GCTaskThread "GC Thread#3" [stack: 0x0000003f7ad00000,0x0000003f7ae00000] [id=23300]
  0x0000020bef4fa440 GCTaskThread "GC Thread#4" [stack: 0x0000003f7ae00000,0x0000003f7af00000] [id=28628]
  0x0000020bef4fa6f0 GCTaskThread "GC Thread#5" [stack: 0x0000003f7af00000,0x0000003f7b000000] [id=18744]
  0x0000020bf0eea9b0 GCTaskThread "GC Thread#6" [stack: 0x0000003f7b000000,0x0000003f7b100000] [id=13616]
  0x0000020bf25d5180 GCTaskThread "GC Thread#7" [stack: 0x0000003f7b100000,0x0000003f7b200000] [id=26864]
  0x0000020bd0b29a70 ConcurrentGCThread "G1 Main Marker" [stack: 0x0000003f79000000,0x0000003f79100000] [id=15872]
  0x0000020bd0b2c8a0 ConcurrentGCThread "G1 Conc#0" [stack: 0x0000003f79100000,0x0000003f79200000] [id=18216]
  0x0000020bd0bae410 ConcurrentGCThread "G1 Refine#0" [stack: 0x0000003f79200000,0x0000003f79300000] [id=17244]
  0x0000020bf0eef4a0 ConcurrentGCThread "G1 Refine#1" [stack: 0x0000003f7b200000,0x0000003f7b300000] [id=4576]
  0x0000020bee7e20a0 ConcurrentGCThread "G1 Service" [stack: 0x0000003f79300000,0x0000003f79400000] [id=15668]

Threads with active compile tasks:
C1 CompilerThread0   539716 2718       3       java.net.URLStreamHandler::parseURL (1201 bytes)

VM state: not at safepoint (normal execution)

VM Mutex/Monitor currently owned by a thread: None

Heap address: 0x0000000085800000, size: 1960 MB, Compressed Oops mode: 32-bit

CDS archive(s) mapped at: [0x0000000800000000-0x0000000800bc0000-0x0000000800bc0000), size 12320768, SharedBaseAddress: 0x0000000800000000, ArchiveRelocationMode: 0.
Compressed class space mapped at: 0x0000000800c00000-0x0000000840c00000, reserved size: 1073741824
Narrow klass base: 0x0000000800000000, Narrow klass shift: 0, Narrow klass range: 0x100000000

GC Precious Log:
 CPUs: 8 total, 8 available
 Memory: 7835M
 Large Page Support: Disabled
 NUMA Support: Disabled
 Compressed Oops: Enabled (32-bit)
 Heap Region Size: 1M
 Heap Min Capacity: 8M
 Heap Initial Capacity: 124M
 Heap Max Capacity: 1960M
 Pre-touch: Disabled
 Parallel Workers: 8
 Concurrent Workers: 2
 Concurrent Refinement Workers: 8
 Periodic GC: Disabled

Heap:
 garbage-first heap   total 126976K, used 44991K [0x0000000085800000, 0x0000000100000000)
  region size 1024K, 28 young (28672K), 3 survivors (3072K)
 Metaspace       used 18803K, committed 19072K, reserved 1073152K
  class space    used 2083K, committed 2240K, reserved 1048576K

Heap Regions: E=young(eden), S=young(survivor), O=old, HS=humongous(starts), HC=humongous(continues), CS=collection set, F=free, OA=open archive, CA=closed archive, TAMS=top-at-mark-start (previous, next)
|   0|0x0000000085800000, 0x0000000085900000, 0x0000000085900000|100%|HS|  |TAMS 0x0000000085800000, 0x0000000085800000| Complete 
|   1|0x0000000085900000, 0x0000000085a00000, 0x0000000085a00000|100%|HC|  |TAMS 0x0000000085900000, 0x0000000085900000| Complete 
|   2|0x0000000085a00000, 0x0000000085b00000, 0x0000000085b00000|100%|HC|  |TAMS 0x0000000085a00000, 0x0000000085a00000| Complete 
|   3|0x0000000085b00000, 0x0000000085c00000, 0x0000000085c00000|100%| O|  |TAMS 0x0000000085b00000, 0x0000000085b00000| Untracked 
|   4|0x0000000085c00000, 0x0000000085cefe00, 0x0000000085d00000| 93%| O|  |TAMS 0x0000000085c00000, 0x0000000085c00000| Untracked 
|   5|0x0000000085d00000, 0x0000000085e00000, 0x0000000085e00000|100%|HS|  |TAMS 0x0000000085d00000, 0x0000000085d00000| Complete 
|   6|0x0000000085e00000, 0x0000000085f00000, 0x0000000085f00000|100%|HC|  |TAMS 0x0000000085e00000, 0x0000000085e00000| Complete 
|   7|0x0000000085f00000, 0x0000000086000000, 0x0000000086000000|100%|HC|  |TAMS 0x0000000085f00000, 0x0000000085f00000| Complete 
|   8|0x0000000086000000, 0x0000000086100000, 0x0000000086100000|100%|HC|  |TAMS 0x0000000086000000, 0x0000000086000000| Complete 
|   9|0x0000000086100000, 0x0000000086200000, 0x0000000086200000|100%|HS|  |TAMS 0x0000000086100000, 0x0000000086100000| Complete 
|  10|0x0000000086200000, 0x0000000086300000, 0x0000000086300000|100%|HC|  |TAMS 0x0000000086200000, 0x0000000086200000| Complete 
|  11|0x0000000086300000, 0x0000000086400000, 0x0000000086400000|100%|HC|  |TAMS 0x0000000086300000, 0x0000000086300000| Complete 
|  12|0x0000000086400000, 0x0000000086500000, 0x0000000086500000|100%|HC|  |TAMS 0x0000000086400000, 0x0000000086400000| Complete 
|  13|0x0000000086500000, 0x0000000086600000, 0x0000000086600000|100%|HS|  |TAMS 0x0000000086500000, 0x0000000086500000| Complete 
|  14|0x0000000086600000, 0x0000000086700000, 0x0000000086700000|100%|HC|  |TAMS 0x0000000086600000, 0x0000000086600000| Complete 
|  15|0x0000000086700000, 0x0000000086800000, 0x0000000086800000|100%|HC|  |TAMS 0x0000000086700000, 0x0000000086700000| Complete 
|  16|0x0000000086800000, 0x0000000086900000, 0x0000000086900000|100%|HC|  |TAMS 0x0000000086800000, 0x0000000086800000| Complete 
|  17|0x0000000086900000, 0x0000000086a00000, 0x0000000086a00000|100%|HC|  |TAMS 0x0000000086900000, 0x0000000086900000| Complete 
|  18|0x0000000086a00000, 0x0000000086a00000, 0x0000000086b00000|  0%| F|  |TAMS 0x0000000086a00000, 0x0000000086a00000| Untracked 
|  19|0x0000000086b00000, 0x0000000086b00000, 0x0000000086c00000|  0%| F|  |TAMS 0x0000000086b00000, 0x0000000086b00000| Untracked 
|  20|0x0000000086c00000, 0x0000000086c00000, 0x0000000086d00000|  0%| F|  |TAMS 0x0000000086c00000, 0x0000000086c00000| Untracked 
|  21|0x0000000086d00000, 0x0000000086d00000, 0x0000000086e00000|  0%| F|  |TAMS 0x0000000086d00000, 0x0000000086d00000| Untracked 
|  22|0x0000000086e00000, 0x0000000086e00000, 0x0000000086f00000|  0%| F|  |TAMS 0x0000000086e00000, 0x0000000086e00000| Untracked 
|  23|0x0000000086f00000, 0x0000000086f00000, 0x0000000087000000|  0%| F|  |TAMS 0x0000000086f00000, 0x0000000086f00000| Untracked 
|  24|0x0000000087000000, 0x0000000087000000, 0x0000000087100000|  0%| F|  |TAMS 0x0000000087000000, 0x0000000087000000| Untracked 
|  25|0x0000000087100000, 0x0000000087100000, 0x0000000087200000|  0%| F|  |TAMS 0x0000000087100000, 0x0000000087100000| Untracked 
|  26|0x0000000087200000, 0x0000000087200000, 0x0000000087300000|  0%| F|  |TAMS 0x0000000087200000, 0x0000000087200000| Untracked 
|  27|0x0000000087300000, 0x0000000087300000, 0x0000000087400000|  0%| F|  |TAMS 0x0000000087300000, 0x0000000087300000| Untracked 
|  28|0x0000000087400000, 0x0000000087400000, 0x0000000087500000|  0%| F|  |TAMS 0x0000000087400000, 0x0000000087400000| Untracked 
|  29|0x0000000087500000, 0x0000000087500000, 0x0000000087600000|  0%| F|  |TAMS 0x0000000087500000, 0x0000000087500000| Untracked 
|  30|0x0000000087600000, 0x0000000087600000, 0x0000000087700000|  0%| F|  |TAMS 0x0000000087600000, 0x0000000087600000| Untracked 
|  31|0x0000000087700000, 0x0000000087700000, 0x0000000087800000|  0%| F|  |TAMS 0x0000000087700000, 0x0000000087700000| Untracked 
|  32|0x0000000087800000, 0x0000000087800000, 0x0000000087900000|  0%| F|  |TAMS 0x0000000087800000, 0x0000000087800000| Untracked 
|  33|0x0000000087900000, 0x0000000087900000, 0x0000000087a00000|  0%| F|  |TAMS 0x0000000087900000, 0x0000000087900000| Untracked 
|  34|0x0000000087a00000, 0x0000000087a00000, 0x0000000087b00000|  0%| F|  |TAMS 0x0000000087a00000, 0x0000000087a00000| Untracked 
|  35|0x0000000087b00000, 0x0000000087b00000, 0x0000000087c00000|  0%| F|  |TAMS 0x0000000087b00000, 0x0000000087b00000| Untracked 
|  36|0x0000000087c00000, 0x0000000087c00000, 0x0000000087d00000|  0%| F|  |TAMS 0x0000000087c00000, 0x0000000087c00000| Untracked 
|  37|0x0000000087d00000, 0x0000000087d00000, 0x0000000087e00000|  0%| F|  |TAMS 0x0000000087d00000, 0x0000000087d00000| Untracked 
|  38|0x0000000087e00000, 0x0000000087e00000, 0x0000000087f00000|  0%| F|  |TAMS 0x0000000087e00000, 0x0000000087e00000| Untracked 
|  39|0x0000000087f00000, 0x0000000087f00000, 0x0000000088000000|  0%| F|  |TAMS 0x0000000087f00000, 0x0000000087f00000| Untracked 
|  40|0x0000000088000000, 0x0000000088000000, 0x0000000088100000|  0%| F|  |TAMS 0x0000000088000000, 0x0000000088000000| Untracked 
|  41|0x0000000088100000, 0x0000000088100000, 0x0000000088200000|  0%| F|  |TAMS 0x0000000088100000, 0x0000000088100000| Untracked 
|  42|0x0000000088200000, 0x0000000088200000, 0x0000000088300000|  0%| F|  |TAMS 0x0000000088200000, 0x0000000088200000| Untracked 
|  43|0x0000000088300000, 0x0000000088300000, 0x0000000088400000|  0%| F|  |TAMS 0x0000000088300000, 0x0000000088300000| Untracked 
|  44|0x0000000088400000, 0x0000000088400000, 0x0000000088500000|  0%| F|  |TAMS 0x0000000088400000, 0x0000000088400000| Untracked 
|  45|0x0000000088500000, 0x0000000088500000, 0x0000000088600000|  0%| F|  |TAMS 0x0000000088500000, 0x0000000088500000| Untracked 
|  46|0x0000000088600000, 0x0000000088600000, 0x0000000088700000|  0%| F|  |TAMS 0x0000000088600000, 0x0000000088600000| Untracked 
|  47|0x0000000088700000, 0x0000000088700000, 0x0000000088800000|  0%| F|  |TAMS 0x0000000088700000, 0x0000000088700000| Untracked 
|  48|0x0000000088800000, 0x0000000088800000, 0x0000000088900000|  0%| F|  |TAMS 0x0000000088800000, 0x0000000088800000| Untracked 
|  49|0x0000000088900000, 0x0000000088900000, 0x0000000088a00000|  0%| F|  |TAMS 0x0000000088900000, 0x0000000088900000| Untracked 
|  50|0x0000000088a00000, 0x0000000088a00000, 0x0000000088b00000|  0%| F|  |TAMS 0x0000000088a00000, 0x0000000088a00000| Untracked 
|  51|0x0000000088b00000, 0x0000000088b00000, 0x0000000088c00000|  0%| F|  |TAMS 0x0000000088b00000, 0x0000000088b00000| Untracked 
|  52|0x0000000088c00000, 0x0000000088c00000, 0x0000000088d00000|  0%| F|  |TAMS 0x0000000088c00000, 0x0000000088c00000| Untracked 
|  53|0x0000000088d00000, 0x0000000088d00000, 0x0000000088e00000|  0%| F|  |TAMS 0x0000000088d00000, 0x0000000088d00000| Untracked 
|  54|0x0000000088e00000, 0x0000000088e00000, 0x0000000088f00000|  0%| F|  |TAMS 0x0000000088e00000, 0x0000000088e00000| Untracked 
|  55|0x0000000088f00000, 0x0000000088f00000, 0x0000000089000000|  0%| F|  |TAMS 0x0000000088f00000, 0x0000000088f00000| Untracked 
|  56|0x0000000089000000, 0x0000000089000000, 0x0000000089100000|  0%| F|  |TAMS 0x0000000089000000, 0x0000000089000000| Untracked 
|  57|0x0000000089100000, 0x0000000089100000, 0x0000000089200000|  0%| F|  |TAMS 0x0000000089100000, 0x0000000089100000| Untracked 
|  58|0x0000000089200000, 0x0000000089200000, 0x0000000089300000|  0%| F|  |TAMS 0x0000000089200000, 0x0000000089200000| Untracked 
|  59|0x0000000089300000, 0x0000000089300000, 0x0000000089400000|  0%| F|  |TAMS 0x0000000089300000, 0x0000000089300000| Untracked 
|  60|0x0000000089400000, 0x0000000089400000, 0x0000000089500000|  0%| F|  |TAMS 0x0000000089400000, 0x0000000089400000| Untracked 
|  61|0x0000000089500000, 0x0000000089500000, 0x0000000089600000|  0%| F|  |TAMS 0x0000000089500000, 0x0000000089500000| Untracked 
|  62|0x0000000089600000, 0x0000000089600000, 0x0000000089700000|  0%| F|  |TAMS 0x0000000089600000, 0x0000000089600000| Untracked 
|  63|0x0000000089700000, 0x0000000089700000, 0x0000000089800000|  0%| F|  |TAMS 0x0000000089700000, 0x0000000089700000| Untracked 
|  64|0x0000000089800000, 0x0000000089800000, 0x0000000089900000|  0%| F|  |TAMS 0x0000000089800000, 0x0000000089800000| Untracked 
|  65|0x0000000089900000, 0x0000000089900000, 0x0000000089a00000|  0%| F|  |TAMS 0x0000000089900000, 0x0000000089900000| Untracked 
|  66|0x0000000089a00000, 0x0000000089a00000, 0x0000000089b00000|  0%| F|  |TAMS 0x0000000089a00000, 0x0000000089a00000| Untracked 
|  67|0x0000000089b00000, 0x0000000089b00000, 0x0000000089c00000|  0%| F|  |TAMS 0x0000000089b00000, 0x0000000089b00000| Untracked 
|  68|0x0000000089c00000, 0x0000000089c00000, 0x0000000089d00000|  0%| F|  |TAMS 0x0000000089c00000, 0x0000000089c00000| Untracked 
|  69|0x0000000089d00000, 0x0000000089d00000, 0x0000000089e00000|  0%| F|  |TAMS 0x0000000089d00000, 0x0000000089d00000| Untracked 
|  70|0x0000000089e00000, 0x0000000089e00000, 0x0000000089f00000|  0%| F|  |TAMS 0x0000000089e00000, 0x0000000089e00000| Untracked 
|  71|0x0000000089f00000, 0x0000000089f00000, 0x000000008a000000|  0%| F|  |TAMS 0x0000000089f00000, 0x0000000089f00000| Untracked 
|  72|0x000000008a000000, 0x000000008a000000, 0x000000008a100000|  0%| F|  |TAMS 0x000000008a000000, 0x000000008a000000| Untracked 
|  73|0x000000008a100000, 0x000000008a100000, 0x000000008a200000|  0%| F|  |TAMS 0x000000008a100000, 0x000000008a100000| Untracked 
|  74|0x000000008a200000, 0x000000008a200000, 0x000000008a300000|  0%| F|  |TAMS 0x000000008a200000, 0x000000008a200000| Untracked 
|  75|0x000000008a300000, 0x000000008a300000, 0x000000008a400000|  0%| F|  |TAMS 0x000000008a300000, 0x000000008a300000| Untracked 
|  76|0x000000008a400000, 0x000000008a400000, 0x000000008a500000|  0%| F|  |TAMS 0x000000008a400000, 0x000000008a400000| Untracked 
|  77|0x000000008a500000, 0x000000008a500000, 0x000000008a600000|  0%| F|  |TAMS 0x000000008a500000, 0x000000008a500000| Untracked 
|  78|0x000000008a600000, 0x000000008a600000, 0x000000008a700000|  0%| F|  |TAMS 0x000000008a600000, 0x000000008a600000| Untracked 
|  79|0x000000008a700000, 0x000000008a700000, 0x000000008a800000|  0%| F|  |TAMS 0x000000008a700000, 0x000000008a700000| Untracked 
|  80|0x000000008a800000, 0x000000008a800000, 0x000000008a900000|  0%| F|  |TAMS 0x000000008a800000, 0x000000008a800000| Untracked 
|  81|0x000000008a900000, 0x000000008a900000, 0x000000008aa00000|  0%| F|  |TAMS 0x000000008a900000, 0x000000008a900000| Untracked 
|  82|0x000000008aa00000, 0x000000008aa00000, 0x000000008ab00000|  0%| F|  |TAMS 0x000000008aa00000, 0x000000008aa00000| Untracked 
|  83|0x000000008ab00000, 0x000000008ab00000, 0x000000008ac00000|  0%| F|  |TAMS 0x000000008ab00000, 0x000000008ab00000| Untracked 
|  84|0x000000008ac00000, 0x000000008ac00000, 0x000000008ad00000|  0%| F|  |TAMS 0x000000008ac00000, 0x000000008ac00000| Untracked 
|  85|0x000000008ad00000, 0x000000008ad00000, 0x000000008ae00000|  0%| F|  |TAMS 0x000000008ad00000, 0x000000008ad00000| Untracked 
|  86|0x000000008ae00000, 0x000000008ae00000, 0x000000008af00000|  0%| F|  |TAMS 0x000000008ae00000, 0x000000008ae00000| Untracked 
|  87|0x000000008af00000, 0x000000008af00000, 0x000000008b000000|  0%| F|  |TAMS 0x000000008af00000, 0x000000008af00000| Untracked 
|  88|0x000000008b000000, 0x000000008b000000, 0x000000008b100000|  0%| F|  |TAMS 0x000000008b000000, 0x000000008b000000| Untracked 
|  89|0x000000008b100000, 0x000000008b100000, 0x000000008b200000|  0%| F|  |TAMS 0x000000008b100000, 0x000000008b100000| Untracked 
|  90|0x000000008b200000, 0x000000008b200000, 0x000000008b300000|  0%| F|  |TAMS 0x000000008b200000, 0x000000008b200000| Untracked 
|  91|0x000000008b300000, 0x000000008b300000, 0x000000008b400000|  0%| F|  |TAMS 0x000000008b300000, 0x000000008b300000| Untracked 
|  92|0x000000008b400000, 0x000000008b400000, 0x000000008b500000|  0%| F|  |TAMS 0x000000008b400000, 0x000000008b400000| Untracked 
|  93|0x000000008b500000, 0x000000008b500000, 0x000000008b600000|  0%| F|  |TAMS 0x000000008b500000, 0x000000008b500000| Untracked 
|  94|0x000000008b600000, 0x000000008b600000, 0x000000008b700000|  0%| F|  |TAMS 0x000000008b600000, 0x000000008b600000| Untracked 
|  95|0x000000008b700000, 0x000000008b700000, 0x000000008b800000|  0%| F|  |TAMS 0x000000008b700000, 0x000000008b700000| Untracked 
|  96|0x000000008b800000, 0x000000008b8c5a98, 0x000000008b900000| 77%| E|  |TAMS 0x000000008b800000, 0x000000008b800000| Complete 
|  97|0x000000008b900000, 0x000000008ba00000, 0x000000008ba00000|100%| E|CS|TAMS 0x000000008b900000, 0x000000008b900000| Complete 
|  98|0x000000008ba00000, 0x000000008bb00000, 0x000000008bb00000|100%| S|CS|TAMS 0x000000008ba00000, 0x000000008ba00000| Complete 
|  99|0x000000008bb00000, 0x000000008bc00000, 0x000000008bc00000|100%| S|CS|TAMS 0x000000008bb00000, 0x000000008bb00000| Complete 
| 100|0x000000008bc00000, 0x000000008bd00000, 0x000000008bd00000|100%| S|CS|TAMS 0x000000008bc00000, 0x000000008bc00000| Complete 
| 101|0x000000008bd00000, 0x000000008be00000, 0x000000008be00000|100%| E|CS|TAMS 0x000000008bd00000, 0x000000008bd00000| Complete 
| 102|0x000000008be00000, 0x000000008bf00000, 0x000000008bf00000|100%| E|CS|TAMS 0x000000008be00000, 0x000000008be00000| Complete 
| 103|0x000000008bf00000, 0x000000008c000000, 0x000000008c000000|100%| E|CS|TAMS 0x000000008bf00000, 0x000000008bf00000| Complete 
| 104|0x000000008c000000, 0x000000008c100000, 0x000000008c100000|100%| E|CS|TAMS 0x000000008c000000, 0x000000008c000000| Complete 
| 105|0x000000008c100000, 0x000000008c200000, 0x000000008c200000|100%| E|CS|TAMS 0x000000008c100000, 0x000000008c100000| Complete 
| 106|0x000000008c200000, 0x000000008c300000, 0x000000008c300000|100%| E|CS|TAMS 0x000000008c200000, 0x000000008c200000| Complete 
| 107|0x000000008c300000, 0x000000008c400000, 0x000000008c400000|100%| E|CS|TAMS 0x000000008c300000, 0x000000008c300000| Complete 
| 108|0x000000008c400000, 0x000000008c500000, 0x000000008c500000|100%| E|CS|TAMS 0x000000008c400000, 0x000000008c400000| Complete 
| 109|0x000000008c500000, 0x000000008c600000, 0x000000008c600000|100%| E|CS|TAMS 0x000000008c500000, 0x000000008c500000| Complete 
| 110|0x000000008c600000, 0x000000008c700000, 0x000000008c700000|100%| E|  |TAMS 0x000000008c600000, 0x000000008c600000| Complete 
| 111|0x000000008c700000, 0x000000008c800000, 0x000000008c800000|100%| E|CS|TAMS 0x000000008c700000, 0x000000008c700000| Complete 
| 112|0x000000008c800000, 0x000000008c900000, 0x000000008c900000|100%| E|CS|TAMS 0x000000008c800000, 0x000000008c800000| Complete 
| 113|0x000000008c900000, 0x000000008ca00000, 0x000000008ca00000|100%| E|CS|TAMS 0x000000008c900000, 0x000000008c900000| Complete 
| 114|0x000000008ca00000, 0x000000008cb00000, 0x000000008cb00000|100%| E|CS|TAMS 0x000000008ca00000, 0x000000008ca00000| Complete 
| 115|0x000000008cb00000, 0x000000008cc00000, 0x000000008cc00000|100%| E|CS|TAMS 0x000000008cb00000, 0x000000008cb00000| Complete 
| 116|0x000000008cc00000, 0x000000008cd00000, 0x000000008cd00000|100%| E|CS|TAMS 0x000000008cc00000, 0x000000008cc00000| Complete 
| 117|0x000000008cd00000, 0x000000008ce00000, 0x000000008ce00000|100%| E|CS|TAMS 0x000000008cd00000, 0x000000008cd00000| Complete 
| 118|0x000000008ce00000, 0x000000008cf00000, 0x000000008cf00000|100%| E|CS|TAMS 0x000000008ce00000, 0x000000008ce00000| Complete 
| 119|0x000000008cf00000, 0x000000008d000000, 0x000000008d000000|100%| E|CS|TAMS 0x000000008cf00000, 0x000000008cf00000| Complete 
| 120|0x000000008d000000, 0x000000008d100000, 0x000000008d100000|100%| E|CS|TAMS 0x000000008d000000, 0x000000008d000000| Complete 
| 121|0x000000008d100000, 0x000000008d200000, 0x000000008d200000|100%| E|CS|TAMS 0x000000008d100000, 0x000000008d100000| Complete 
| 122|0x000000008d200000, 0x000000008d300000, 0x000000008d300000|100%| E|CS|TAMS 0x000000008d200000, 0x000000008d200000| Complete 
| 123|0x000000008d300000, 0x000000008d400000, 0x000000008d400000|100%| E|CS|TAMS 0x000000008d300000, 0x000000008d300000| Complete 

Card table byte_map: [0x0000020be7a40000,0x0000020be7e20000] _byte_map_base: 0x0000020be7614000

Marking Bits (Prev, Next): (CMBitMap*) 0x0000020bd0b19c40, (CMBitMap*) 0x0000020bd0b19c80
 Prev Bits: [0x0000020be8200000, 0x0000020bea0a0000)
 Next Bits: [0x0000020bea0a0000, 0x0000020bebf40000)

Polling page: 0x0000020bd02b0000

Metaspace:

Usage:
  Non-class:     16.33 MB used.
      Class:      2.03 MB used.
       Both:     18.36 MB used.

Virtual space:
  Non-class space:       24.00 MB reserved,      16.44 MB ( 68%) committed,  3 nodes.
      Class space:        1.00 GB reserved,       2.19 MB ( <1%) committed,  1 nodes.
             Both:        1.02 GB reserved,      18.62 MB (  2%) committed. 

Chunk freelists:
   Non-Class:  3.00 MB
       Class:  1.74 MB
        Both:  4.74 MB

MaxMetaspaceSize: unlimited
CompressedClassSpaceSize: 1.00 GB
Initial GC threshold: 21.00 MB
Current GC threshold: 21.00 MB
CDS: on
MetaspaceReclaimPolicy: balanced
 - commit_granule_bytes: 65536.
 - commit_granule_words: 8192.
 - virtual_space_node_default_size: 1048576.
 - enlarge_chunks_in_place: 1.
 - new_chunks_are_fully_committed: 0.
 - uncommit_free_chunks: 1.
 - use_allocation_guard: 0.
 - handle_deallocations: 1.


Internal statistics:

num_allocs_failed_limit: 0.
num_arena_births: 184.
num_arena_deaths: 0.
num_vsnodes_births: 4.
num_vsnodes_deaths: 0.
num_space_committed: 298.
num_space_uncommitted: 0.
num_chunks_returned_to_freelist: 0.
num_chunks_taken_from_freelist: 397.
num_chunk_merges: 0.
num_chunk_splits: 237.
num_chunks_enlarged: 132.
num_purges: 0.
num_inconsistent_stats: 0.

CodeHeap 'non-profiled nmethods': size=120000Kb used=1128Kb max_used=1128Kb free=118871Kb
 bounds [0x0000020bdfe00000, 0x0000020be0070000, 0x0000020be7330000]
CodeHeap 'profiled nmethods': size=120000Kb used=5280Kb max_used=5280Kb free=114719Kb
 bounds [0x0000020bd88d0000, 0x0000020bd8e00000, 0x0000020bdfe00000]
CodeHeap 'non-nmethods': size=5760Kb used=1379Kb max_used=1459Kb free=4380Kb
 bounds [0x0000020bd8330000, 0x0000020bd85a0000, 0x0000020bd88d0000]
 total_blobs=3431 nmethods=2716 adapters=627
 compilation: enabled
              stopped_count=0, restarted_count=0
 full_count=0

Compilation events (20 events):
Event: 211.104 Thread 0x0000020bee95dc20 nmethod 2707 0x0000020bd8defe90 code [0x0000020bd8df00e0, 0x0000020bd8df0b98]
Event: 346.305 Thread 0x0000020bee95dc20 2709       3       jdk.internal.module.Resources::toPackageName (39 bytes)
Event: 346.306 Thread 0x0000020bee95dc20 nmethod 2709 0x0000020bd8df0f10 code [0x0000020bd8df1140, 0x0000020bd8df17b8]
Event: 371.353 Thread 0x0000020bee95dc20 2710       3       java.lang.String::indexOf (18 bytes)
Event: 371.353 Thread 0x0000020bee95dc20 nmethod 2710 0x0000020bd8df1a10 code [0x0000020bd8df1be0, 0x0000020bd8df1ea8]
Event: 371.353 Thread 0x0000020bee95dc20 2711       3       java.lang.String::indexOf (113 bytes)
Event: 371.354 Thread 0x0000020bee95dc20 nmethod 2711 0x0000020bd8df2010 code [0x0000020bd8df2240, 0x0000020bd8df2868]
Event: 376.369 Thread 0x0000020bee95dc20 2712   !   3       jdk.internal.loader.BuiltinClassLoader::findMiscResource (122 bytes)
Event: 376.372 Thread 0x0000020bee95dc20 nmethod 2712 0x0000020bd8df2a10 code [0x0000020bd8df2cc0, 0x0000020bd8df40b8]
Event: 376.372 Thread 0x0000020bee95dc20 2713       3       jdk.internal.loader.BuiltinClassLoader::checkURL (5 bytes)
Event: 376.372 Thread 0x0000020bee95dc20 nmethod 2713 0x0000020bd8df4610 code [0x0000020bd8df47c0, 0x0000020bd8df49c8]
Event: 376.372 Thread 0x0000020bee95dc20 2714   !   3       jdk.internal.loader.URLClassPath::checkURL (16 bytes)
Event: 376.372 Thread 0x0000020bee95dc20 nmethod 2714 0x0000020bd8df4a90 code [0x0000020bd8df4c40, 0x0000020bd8df4e08]
Event: 391.394 Thread 0x0000020bee95dc20 2715   !   3       jdk.internal.loader.BuiltinClassLoader::findResource (154 bytes)
Event: 391.399 Thread 0x0000020bee95dc20 nmethod 2715 0x0000020bd8df4f10 code [0x0000020bd8df5280, 0x0000020bd8df6748]
Event: 391.399 Thread 0x0000020bee95dc20 2716       3       jdk.internal.loader.BuiltinClassLoader::findResourceOnClassPath (41 bytes)
Event: 391.400 Thread 0x0000020bee95dc20 nmethod 2716 0x0000020bd8df6f90 code [0x0000020bd8df71c0, 0x0000020bd8df7a98]
Event: 506.581 Thread 0x0000020bee95dc20 2717       3       jdk.internal.loader.Resource::<init> (5 bytes)
Event: 506.582 Thread 0x0000020bee95dc20 nmethod 2717 0x0000020bd8df7d10 code [0x0000020bd8df7ea0, 0x0000020bd8df7ff8]
Event: 536.645 Thread 0x0000020bee95dc20 2718       3       java.net.URLStreamHandler::parseURL (1201 bytes)

GC Heap History (2 events):
Event: 5.831 GC heap before
{Heap before GC invocations=0 (full 0):
 garbage-first heap   total 126976K, used 25600K [0x0000000085800000, 0x0000000100000000)
  region size 1024K, 23 young (23552K), 0 survivors (0K)
 Metaspace       used 9513K, committed 9728K, reserved 1064960K
  class space    used 1066K, committed 1152K, reserved 1048576K
}
Event: 5.838 GC heap after
{Heap after GC invocations=1 (full 0):
 garbage-first heap   total 126976K, used 8127K [0x0000000085800000, 0x0000000100000000)
  region size 1024K, 3 young (3072K), 3 survivors (3072K)
 Metaspace       used 9513K, committed 9728K, reserved 1064960K
  class space    used 1066K, committed 1152K, reserved 1048576K
}

Deoptimization events (20 events):
Event: 8.482 Thread 0x0000020bee95a4d0 DEOPT PACKING pc=0x0000020bdfed3248 sp=0x0000003f7a6fd350
Event: 8.482 Thread 0x0000020bee95a4d0 DEOPT UNPACKING pc=0x0000020bd8385c23 sp=0x0000003f7a6fd300 mode 2
Event: 8.494 Thread 0x0000020bee95a4d0 Uncommon trap: trap_request=0xffffff45 fr.pc=0x0000020bdfe49ab4 relative=0x0000000000000194
Event: 8.494 Thread 0x0000020bee95a4d0 Uncommon trap: reason=unstable_if action=reinterpret pc=0x0000020bdfe49ab4 method=java.nio.Buffer.<init>(IIIILjdk/internal/access/foreign/MemorySegmentProxy;)V @ 50 c2
Event: 8.494 Thread 0x0000020bee95a4d0 DEOPT PACKING pc=0x0000020bdfe49ab4 sp=0x0000003f7a6fd6a0
Event: 8.494 Thread 0x0000020bee95a4d0 DEOPT UNPACKING pc=0x0000020bd8385c23 sp=0x0000003f7a6fd640 mode 2
Event: 8.511 Thread 0x0000020bee95a4d0 Uncommon trap: trap_request=0xffffffde fr.pc=0x0000020bdfecfe70 relative=0x0000000000000e70
Event: 8.511 Thread 0x0000020bee95a4d0 Uncommon trap: reason=class_check action=maybe_recompile pc=0x0000020bdfecfe70 method=java.util.regex.Pattern$Start.match(Ljava/util/regex/Matcher;ILjava/lang/CharSequence;)Z @ 44 c2
Event: 8.511 Thread 0x0000020bee95a4d0 DEOPT PACKING pc=0x0000020bdfecfe70 sp=0x0000003f7a6fcf10
Event: 8.511 Thread 0x0000020bee95a4d0 DEOPT UNPACKING pc=0x0000020bd8385c23 sp=0x0000003f7a6fcf00 mode 2
Event: 8.518 Thread 0x0000020bee95a4d0 DEOPT PACKING pc=0x0000020bd8c6dbbe sp=0x0000003f7a6fd410
Event: 8.518 Thread 0x0000020bee95a4d0 DEOPT UNPACKING pc=0x0000020bd8386763 sp=0x0000003f7a6fc840 mode 0
Event: 8.528 Thread 0x0000020bee95a4d0 Uncommon trap: trap_request=0xffffff45 fr.pc=0x0000020bdfeacec8 relative=0x00000000000000a8
Event: 8.528 Thread 0x0000020bee95a4d0 Uncommon trap: reason=unstable_if action=reinterpret pc=0x0000020bdfeacec8 method=java.lang.CharacterDataLatin1.digit(II)I @ 12 c2
Event: 8.528 Thread 0x0000020bee95a4d0 DEOPT PACKING pc=0x0000020bdfeacec8 sp=0x0000003f7a6fdec0
Event: 8.528 Thread 0x0000020bee95a4d0 DEOPT UNPACKING pc=0x0000020bd8385c23 sp=0x0000003f7a6fde38 mode 2
Event: 8.584 Thread 0x0000020bee95a4d0 Uncommon trap: trap_request=0xffffffde fr.pc=0x0000020bdfecfe70 relative=0x0000000000000e70
Event: 8.584 Thread 0x0000020bee95a4d0 Uncommon trap: reason=class_check action=maybe_recompile pc=0x0000020bdfecfe70 method=java.util.regex.Pattern$Start.match(Ljava/util/regex/Matcher;ILjava/lang/CharSequence;)Z @ 44 c2
Event: 8.584 Thread 0x0000020bee95a4d0 DEOPT PACKING pc=0x0000020bdfecfe70 sp=0x0000003f7a6fcf10
Event: 8.584 Thread 0x0000020bee95a4d0 DEOPT UNPACKING pc=0x0000020bd8385c23 sp=0x0000003f7a6fcf00 mode 2

Classes unloaded (0 events):
No events

Classes redefined (0 events):
No events

Internal exceptions (20 events):
Event: 0.277 Thread 0x0000020bee959190 Exception <a 'java/lang/NoSuchMethodError'{0x000000008cd62350}: 'java.lang.Object java.lang.invoke.DirectMethodHandle$Holder.newInvokeSpecial(java.lang.Object, java.lang.Object, java.lang.Object, int, int, int, int, int)'> (0x000000008cd62350) 
thrown [t:\workspace\open\src\hotspot\share\interpreter\linkResolver.cpp, line 766]
Event: 0.324 Thread 0x0000020bee958320 Exception <a 'java/lang/NoSuchMethodError'{0x000000008d0100f0}: 'void java.lang.invoke.DirectMethodHandle$Holder.invokeVirtual(java.lang.Object, java.lang.Object)'> (0x000000008d0100f0) 
thrown [t:\workspace\open\src\hotspot\share\interpreter\linkResolver.cpp, line 766]
Event: 0.336 Thread 0x0000020bd0add3f0 Exception <a 'java/lang/NoSuchMethodError'{0x000000008cb26448}: 'void java.lang.invoke.DirectMethodHandle$Holder.invokeStaticInit(java.lang.Object)'> (0x000000008cb26448) 
thrown [t:\workspace\open\src\hotspot\share\interpreter\linkResolver.cpp, line 766]
Event: 0.482 Thread 0x0000020bee95a4d0 Exception <a 'java/io/FileNotFoundException'{0x000000008ca04488}> (0x000000008ca04488) 
thrown [t:\workspace\open\src\hotspot\share\prims\jni.cpp, line 516]
Event: 0.493 Thread 0x0000020bee95a4d0 Exception <a 'java/io/FileNotFoundException'{0x000000008ca2a608}> (0x000000008ca2a608) 
thrown [t:\workspace\open\src\hotspot\share\prims\jni.cpp, line 516]
Event: 1.264 Thread 0x0000020bee95a4d0 Exception <a 'java/lang/NoSuchMethodError'{0x000000008bfb5b50}: 'void java.lang.invoke.DirectMethodHandle$Holder.invokeSpecial(java.lang.Object, java.lang.Object, java.lang.Object, java.lang.Object, java.lang.Object)'> (0x000000008bfb5b50) 
thrown [t:\workspace\open\src\hotspot\share\interpreter\linkResolver.cpp, line 766]
Event: 5.758 Thread 0x0000020bee95a4d0 Implicit null exception at 0x0000020bdfe4eb7c to 0x0000020bdfe4ebec
Event: 5.773 Thread 0x0000020bee95a4d0 Implicit null exception at 0x0000020bdfe6378c to 0x0000020bdfe637bc
Event: 5.803 Thread 0x0000020bee95a4d0 Exception <a 'java/lang/NoSuchMethodError'{0x000000008bd4da18}: 'java.lang.Object java.lang.invoke.DirectMethodHandle$Holder.invokeInterface(java.lang.Object, java.lang.Object)'> (0x000000008bd4da18) 
thrown [t:\workspace\open\src\hotspot\share\interpreter\linkResolver.cpp, line 766]
Event: 5.822 Thread 0x0000020bee95a4d0 Implicit null exception at 0x0000020bdfe4a4f0 to 0x0000020bdfe4a55c
Event: 5.826 Thread 0x0000020bee95a4d0 Exception <a 'java/lang/NoSuchMethodError'{0x000000008bdcb650}: 'void java.lang.invoke.DirectMethodHandle$Holder.invokeStatic(java.lang.Object, java.lang.Object, java.lang.Object)'> (0x000000008bdcb650) 
thrown [t:\workspace\open\src\hotspot\share\interpreter\linkResolver.cpp, line 766]
Event: 5.828 Thread 0x0000020bee95a4d0 Exception <a 'java/lang/NoSuchMethodError'{0x000000008bdd57c8}: 'java.lang.Object java.lang.invoke.DirectMethodHandle$Holder.invokeVirtual(java.lang.Object, java.lang.Object, java.lang.Object)'> (0x000000008bdd57c8) 
thrown [t:\workspace\open\src\hotspot\share\interpreter\linkResolver.cpp, line 766]
Event: 5.917 Thread 0x0000020bee95a4d0 Exception <a 'java/lang/NoSuchMethodError'{0x000000008d0534e8}: 'void java.lang.invoke.DirectMethodHandle$Holder.invokeStatic(java.lang.Object, java.lang.Object)'> (0x000000008d0534e8) 
thrown [t:\workspace\open\src\hotspot\share\interpreter\linkResolver.cpp, line 766]
Event: 5.976 Thread 0x0000020bee95a4d0 Exception <a 'java/lang/NoSuchMethodError'{0x000000008ce31458}: 'void java.lang.invoke.DirectMethodHandle$Holder.invokeStaticInit(java.lang.Object, java.lang.Object)'> (0x000000008ce31458) 
thrown [t:\workspace\open\src\hotspot\share\interpreter\linkResolver.cpp, line 766]
Event: 6.024 Thread 0x0000020bee95a4d0 Exception <a 'sun/nio/fs/WindowsException'{0x000000008cd4cc68}> (0x000000008cd4cc68) 
thrown [t:\workspace\open\src\hotspot\share\prims\jni.cpp, line 516]
Event: 6.036 Thread 0x0000020bee95a4d0 Exception <a 'java/lang/NoSuchMethodError'{0x000000008cd72de0}: 'int java.lang.invoke.DirectMethodHandle$Holder.invokeStaticInit(java.lang.Object, java.lang.Object, java.lang.Object, java.lang.Object)'> (0x000000008cd72de0) 
thrown [t:\workspace\open\src\hotspot\share\interpreter\linkResolver.cpp, line 766]
Event: 6.037 Thread 0x0000020bee95a4d0 Exception <a 'java/lang/IncompatibleClassChangeError'{0x000000008cd7c508}: Found class java.lang.Object, but interface was expected> (0x000000008cd7c508) 
thrown [t:\workspace\open\src\hotspot\share\interpreter\linkResolver.cpp, line 833]
Event: 6.038 Thread 0x0000020bee95a4d0 Exception <a 'java/lang/NoSuchMethodError'{0x000000008cd81cb8}: 'int java.lang.invoke.DirectMethodHandle$Holder.invokeStaticInit(java.lang.Object, java.lang.Object)'> (0x000000008cd81cb8) 
thrown [t:\workspace\open\src\hotspot\share\interpreter\linkResolver.cpp, line 766]
Event: 6.082 Thread 0x0000020bee95a4d0 Exception <a 'java/lang/NoSuchMethodError'{0x000000008ccd26f8}: 'java.lang.Object java.lang.invoke.DirectMethodHandle$Holder.invokeStaticInit(java.lang.Object, int, int, int, int)'> (0x000000008ccd26f8) 
thrown [t:\workspace\open\src\hotspot\share\interpreter\linkResolver.cpp, line 766]
Event: 6.163 Thread 0x0000020bee95a4d0 Exception <a 'java/lang/NoSuchMethodError'{0x000000008cb98748}: 'java.lang.Object java.lang.invoke.DirectMethodHandle$Holder.invokeStaticInit(java.lang.Object, java.lang.Object, int, int, int, int)'> (0x000000008cb98748) 
thrown [t:\workspace\open\src\hotspot\share\interpreter\linkResolver.cpp, line 766]

VM Operations (20 events):
Event: 7.330 Executing VM operation: Cleanup
Event: 7.330 Executing VM operation: Cleanup done
Event: 8.344 Executing VM operation: Cleanup
Event: 8.344 Executing VM operation: Cleanup done
Event: 8.671 Executing VM operation: HandshakeAllThreads
Event: 8.671 Executing VM operation: HandshakeAllThreads done
Event: 8.673 Executing VM operation: HandshakeAllThreads
Event: 8.673 Executing VM operation: HandshakeAllThreads done
Event: 9.675 Executing VM operation: Cleanup
Event: 9.676 Executing VM operation: Cleanup done
Event: 57.004 Executing VM operation: Cleanup
Event: 57.004 Executing VM operation: Cleanup done
Event: 69.095 Executing VM operation: Cleanup
Event: 69.095 Executing VM operation: Cleanup done
Event: 114.444 Executing VM operation: Cleanup
Event: 114.444 Executing VM operation: Cleanup done
Event: 115.456 Executing VM operation: Cleanup
Event: 115.456 Executing VM operation: Cleanup done
Event: 116.466 Executing VM operation: Cleanup
Event: 116.466 Executing VM operation: Cleanup done

Events (20 events):
Event: 8.705 loading class javax/swing/text/GlyphPainter1 done
Event: 8.705 loading class javax/swing/text/ParagraphView$Row
Event: 8.706 loading class javax/swing/text/ParagraphView$Row done
Event: 8.711 loading class javax/swing/text/WhitespaceBasedBreakIterator
Event: 8.711 loading class java/text/BreakIterator
Event: 8.711 loading class java/text/BreakIterator done
Event: 8.711 loading class javax/swing/text/WhitespaceBasedBreakIterator done
Event: 8.712 loading class javax/swing/text/ComponentView
Event: 8.712 loading class javax/swing/text/ComponentView done
Event: 8.800 loading class javax/swing/border/BevelBorder
Event: 8.800 loading class javax/swing/border/BevelBorder done
Event: 9.634 Thread 0x0000020bf0e04a30 Thread exited: 0x0000020bf0e04a30
Event: 10.247 Thread 0x0000020bef49a730 Thread exited: 0x0000020bef49a730
Event: 11.496 Thread 0x0000020bf0d2bfe0 Thread exited: 0x0000020bf0d2bfe0
Event: 115.864 loading class java/awt/Canvas
Event: 115.865 loading class java/awt/Canvas done
Event: 115.865 loading class java/awt/Scrollbar
Event: 115.865 loading class java/awt/Adjustable
Event: 115.865 loading class java/awt/Adjustable done
Event: 115.865 loading class java/awt/Scrollbar done


Dynamic libraries:
0x00007ff64ae40000 - 0x00007ff64ae50000 	C:\Program Files\Java\jdk-17.0.2\bin\java.exe
0x00007ff83c140000 - 0x00007ff83c3a3000 	C:\WINDOWS\SYSTEM32\ntdll.dll
0x00007ff83b0f0000 - 0x00007ff83b1b8000 	C:\WINDOWS\System32\KERNEL32.DLL
0x00007ff839650000 - 0x00007ff839a02000 	C:\WINDOWS\System32\KERNELBASE.dll
0x00007ff839e50000 - 0x00007ff839f9b000 	C:\WINDOWS\System32\ucrtbase.dll
0x00007ff8149a0000 - 0x00007ff8149ba000 	C:\Program Files\Java\jdk-17.0.2\bin\VCRUNTIME140.dll
0x00007ff834a70000 - 0x00007ff834a88000 	C:\Program Files\Java\jdk-17.0.2\bin\jli.dll
0x00007ff83b1c0000 - 0x00007ff83b274000 	C:\WINDOWS\System32\ADVAPI32.dll
0x00007ff839fa0000 - 0x00007ff83a049000 	C:\WINDOWS\System32\msvcrt.dll
0x00007ff83bfd0000 - 0x00007ff83c076000 	C:\WINDOWS\System32\sechost.dll
0x00007ff83a050000 - 0x00007ff83a166000 	C:\WINDOWS\System32\RPCRT4.dll
0x00007ff83a6a0000 - 0x00007ff83a868000 	C:\WINDOWS\System32\USER32.dll
0x00007ff839ca0000 - 0x00007ff839cc7000 	C:\WINDOWS\System32\win32u.dll
0x00007ff816060000 - 0x00007ff8162f0000 	C:\WINDOWS\WinSxS\amd64_microsoft.windows.common-controls_6595b64144ccf1df_6.0.26100.2454_none_3e0b68a2e331ad60\COMCTL32.dll
0x00007ff83b280000 - 0x00007ff83b2aa000 	C:\WINDOWS\System32\GDI32.dll
0x00007ff839ad0000 - 0x00007ff839bfb000 	C:\WINDOWS\System32\gdi32full.dll
0x00007ff839510000 - 0x00007ff8395b3000 	C:\WINDOWS\System32\msvcp_win.dll
0x00007ff8259c0000 - 0x00007ff8259cb000 	C:\WINDOWS\SYSTEM32\VERSION.dll
0x00007ff83c0b0000 - 0x00007ff83c0df000 	C:\WINDOWS\System32\IMM32.DLL
0x00007ff80eeb0000 - 0x00007ff80eebc000 	C:\Program Files\Java\jdk-17.0.2\bin\vcruntime140_1.dll
0x00007fffe56e0000 - 0x00007fffe576d000 	C:\Program Files\Java\jdk-17.0.2\bin\msvcp140.dll
0x00007fffe0f30000 - 0x00007fffe1af1000 	C:\Program Files\Java\jdk-17.0.2\bin\server\jvm.dll
0x00007ff83a170000 - 0x00007ff83a178000 	C:\WINDOWS\System32\PSAPI.DLL
0x00007ff80cff0000 - 0x00007ff80cffa000 	C:\WINDOWS\SYSTEM32\WSOCK32.dll
0x00007ff82c3f0000 - 0x00007ff82c426000 	C:\WINDOWS\SYSTEM32\WINMM.dll
0x00007ff83a870000 - 0x00007ff83a8e4000 	C:\WINDOWS\System32\WS2_32.dll
0x00007ff8382f0000 - 0x00007ff83830a000 	C:\WINDOWS\SYSTEM32\kernel.appcore.dll
0x00007ff8014a0000 - 0x00007ff8014aa000 	C:\Program Files\Java\jdk-17.0.2\bin\jimage.dll
0x00007ff836c50000 - 0x00007ff836e91000 	C:\WINDOWS\SYSTEM32\DBGHELP.DLL
0x00007ff83a1a0000 - 0x00007ff83a51e000 	C:\WINDOWS\System32\combase.dll
0x00007ff83b610000 - 0x00007ff83b6e6000 	C:\WINDOWS\System32\OLEAUT32.dll
0x00007ff815630000 - 0x00007ff815669000 	C:\WINDOWS\SYSTEM32\dbgcore.DLL
0x00007ff839c00000 - 0x00007ff839c99000 	C:\WINDOWS\System32\bcryptPrimitives.dll
0x00007ffff8ff0000 - 0x00007ffff9015000 	C:\Program Files\Java\jdk-17.0.2\bin\java.dll
0x00007fffe4620000 - 0x00007fffe46f6000 	C:\Program Files\Java\jdk-17.0.2\bin\jsvml.dll
0x00007ff83b6f0000 - 0x00007ff83bdf1000 	C:\WINDOWS\System32\SHELL32.dll
0x00007ff8371f0000 - 0x00007ff837a21000 	C:\WINDOWS\SYSTEM32\windows.storage.dll
0x00007ff83ae20000 - 0x00007ff83aefa000 	C:\WINDOWS\System32\SHCORE.dll
0x00007ff83b310000 - 0x00007ff83b36d000 	C:\WINDOWS\System32\shlwapi.dll
0x00007ff839420000 - 0x00007ff83944e000 	C:\WINDOWS\SYSTEM32\profapi.dll
0x00007ff800200000 - 0x00007ff800219000 	C:\Program Files\Java\jdk-17.0.2\bin\net.dll
0x00007ff82ea20000 - 0x00007ff82eb46000 	C:\WINDOWS\SYSTEM32\WINHTTP.dll
0x00007ff838850000 - 0x00007ff8388b8000 	C:\WINDOWS\system32\mswsock.dll
0x00007ffff9ba0000 - 0x00007ffff9bb6000 	C:\Program Files\Java\jdk-17.0.2\bin\nio.dll
0x00007fffefda0000 - 0x00007fffefdb8000 	C:\Program Files\Java\jdk-17.0.2\bin\zip.dll
0x00007fffe31c0000 - 0x00007fffe334f000 	C:\Program Files\Java\jdk-17.0.2\bin\awt.dll
0x00007ff8348c0000 - 0x00007ff83495c000 	C:\WINDOWS\SYSTEM32\apphelp.dll
0x00007ff8366a0000 - 0x00007ff8366ce000 	C:\WINDOWS\system32\DWMAPI.DLL
0x00007ff8363c0000 - 0x00007ff83646d000 	C:\WINDOWS\system32\uxtheme.dll
0x00007ff817250000 - 0x00007ff81735c000 	C:\WINDOWS\system32\opengl32.dll
0x00007ff816bb0000 - 0x00007ff816bdd000 	C:\WINDOWS\SYSTEM32\GLU32.dll
0x00007ff8364a0000 - 0x00007ff8364e7000 	C:\WINDOWS\SYSTEM32\dxcore.dll
0x00007ff83a540000 - 0x00007ff83a69c000 	C:\WINDOWS\System32\MSCTF.dll
0x00007ff83af50000 - 0x00007ff83b0e9000 	C:\WINDOWS\System32\ole32.dll
0x00007ff813de0000 - 0x00007ff813e0d000 	C:\Program Files\Java\jdk-17.0.2\bin\javajpeg.dll
0x00007fffe4590000 - 0x00007fffe4619000 	C:\Program Files\Java\jdk-17.0.2\bin\freetype.dll
0x00007fffe0e80000 - 0x00007fffe0f28000 	C:\Program Files\Java\jdk-17.0.2\bin\fontmanager.dll
0x00007ff83b3f0000 - 0x00007ff83b498000 	C:\WINDOWS\System32\clbcatq.dll
0x00007ff836180000 - 0x00007ff8363ae000 	C:\WINDOWS\SYSTEM32\WindowsCodecs.dll
0x00007ff8019b0000 - 0x00007ff801a0a000 	C:\WINDOWS\system32\dataexchange.dll
0x00007ff827260000 - 0x00007ff827497000 	C:\WINDOWS\system32\twinapi.appcore.dll
0x00007ff81a340000 - 0x00007ff81a486000 	C:\WINDOWS\SYSTEM32\textinputframework.dll
0x00007ff834240000 - 0x00007ff834365000 	C:\WINDOWS\SYSTEM32\CoreMessaging.dll
0x00007ff82e2c0000 - 0x00007ff82e5a3000 	C:\WINDOWS\SYSTEM32\CoreUIComponents.dll
0x00007ff834b20000 - 0x00007ff834c88000 	C:\WINDOWS\SYSTEM32\wintypes.dll
0x00007ff838b10000 - 0x00007ff838b1c000 	C:\WINDOWS\SYSTEM32\CRYPTBASE.DLL
0x00007ff813e70000 - 0x00007ff813e81000 	C:\WINDOWS\SYSTEM32\wtdccm.dll
0x00007ff837de0000 - 0x00007ff837f05000 	C:\WINDOWS\SYSTEM32\DNSAPI.dll
0x00007ff837d50000 - 0x00007ff837d82000 	C:\WINDOWS\SYSTEM32\IPHLPAPI.DLL
0x00007ff83ad80000 - 0x00007ff83ad8a000 	C:\WINDOWS\System32\NSI.dll
0x00007ff82f4b0000 - 0x00007ff82f4bb000 	C:\Windows\System32\rasadhlp.dll
0x00007ff8347c0000 - 0x00007ff834845000 	C:\WINDOWS\System32\fwpuclnt.dll
0x00007ff838af0000 - 0x00007ff838b0c000 	C:\WINDOWS\SYSTEM32\CRYPTSP.dll
0x00007ff8382b0000 - 0x00007ff8382e8000 	C:\WINDOWS\system32\rsaenh.dll
0x00007ff8388f0000 - 0x00007ff83891b000 	C:\WINDOWS\SYSTEM32\USERENV.dll
0x00007ff838d30000 - 0x00007ff838d56000 	C:\WINDOWS\SYSTEM32\bcrypt.dll
0x00007ff8345d0000 - 0x00007ff8345ee000 	C:\WINDOWS\SYSTEM32\dhcpcsvc6.DLL
0x00007ff8345a0000 - 0x00007ff8345c5000 	C:\WINDOWS\SYSTEM32\dhcpcsvc.DLL
0x00007ff834b10000 - 0x00007ff834b1e000 	C:\Program Files\Java\jdk-17.0.2\bin\sunmscapi.dll
0x00007ff839cd0000 - 0x00007ff839e46000 	C:\WINDOWS\System32\CRYPT32.dll
0x00007ff838cf0000 - 0x00007ff838d20000 	C:\WINDOWS\SYSTEM32\ncrypt.dll
0x00007ff838ca0000 - 0x00007ff838cdf000 	C:\WINDOWS\SYSTEM32\NTASN1.dll

dbghelp: loaded successfully - version: 4.0.5 - missing functions: none
symbol engine: initialized successfully - sym options: 0x614 - pdb path: .;C:\Program Files\Java\jdk-17.0.2\bin;C:\WINDOWS\SYSTEM32;C:\WINDOWS\WinSxS\amd64_microsoft.windows.common-controls_6595b64144ccf1df_6.0.26100.2454_none_3e0b68a2e331ad60;C:\Program Files\Java\jdk-17.0.2\bin\server

VM Arguments:
jvm_args: -Dfile.encoding=UTF-8 --module-path=C:\Users\prabi\OneDrive\Documents\NetBeansProjects\Bank Management System\build\classes 
java_command: bank.management.system.Login
java_class_path (initial): C:\Users\prabi\Downloads\jcalendar-tz-1.3.3-4.jar;C:\Users\prabi\Downloads\mysql-connector-java-8.0.28.jar;C:\Users\prabi\OneDrive\Documents\NetBeansProjects\Bank Management System\build\classes
Launcher Type: SUN_STANDARD

[Global flags]
     intx CICompilerCount                          = 4                                         {product} {ergonomic}
     uint ConcGCThreads                            = 2                                         {product} {ergonomic}
     uint G1ConcRefinementThreads                  = 8                                         {product} {ergonomic}
   size_t G1HeapRegionSize                         = 1048576                                   {product} {ergonomic}
    uintx GCDrainStackTargetSize                   = 64                                        {product} {ergonomic}
   size_t InitialHeapSize                          = 130023424                                 {product} {ergonomic}
   size_t MarkStackSize                            = 4194304                                   {product} {ergonomic}
   size_t MaxHeapSize                              = 2055208960                                {product} {ergonomic}
   size_t MaxNewSize                               = 1233125376                                {product} {ergonomic}
   size_t MinHeapDeltaBytes                        = 1048576                                   {product} {ergonomic}
   size_t MinHeapSize                              = 8388608                                   {product} {ergonomic}
    uintx NonNMethodCodeHeapSize                   = 5839372                                {pd product} {ergonomic}
    uintx NonProfiledCodeHeapSize                  = 122909434                              {pd product} {ergonomic}
    uintx ProfiledCodeHeapSize                     = 122909434                              {pd product} {ergonomic}
    uintx ReservedCodeCacheSize                    = 251658240                              {pd product} {ergonomic}
     bool SegmentedCodeCache                       = true                                      {product} {ergonomic}
   size_t SoftMaxHeapSize                          = 2055208960                             {manageable} {ergonomic}
     bool UseCompressedClassPointers               = true                           {product lp64_product} {ergonomic}
     bool UseCompressedOops                        = true                           {product lp64_product} {ergonomic}
     bool UseG1GC                                  = true                                      {product} {ergonomic}
     bool UseLargePagesIndividualAllocation        = false                                  {pd product} {ergonomic}

Logging:
Log output configuration:
 #0: stdout all=warning uptime,level,tags
 #1: stderr all=off uptime,level,tags

Environment Variables:
PATH=C:\app\prabi\product\21c\dbhomeXE\bin;D:\oracle\product\10.2.0\db_1\bin;C:\Program Files\Common Files\Oracle\Java\javapath;C:\windows\system32;C:\windows;C:\windows\System32\Wbem;C:\windows\System32\WindowsPowerShell\v1.0\;C:\windows\System32\OpenSSH\;C:\Program Files\Microsoft VS Code\bin;C:\Program Files\nodejs\;C:\Program Files\Java\jdk-20\bin;C:\Program Files\Git\cmd;C:\Program Files\HP\HP One Agent;C:\WINDOWS\system32;C:\WINDOWS;C:\WINDOWS\System32\Wbem;C:\WINDOWS\System32\WindowsPowerShell\v1.0\;C:\WINDOWS\System32\OpenSSH\;C:\Program Files\Java\jdk-17.0.2\bin;C:\Program Files\MySQL\MySQL Server 8.0\bin;C:\Program Files\MySQL\MySQL Shell 8.0\bin\;C:\Program Files\Java\jdk-20\bin;;C:\Users\prabi\AppData\Local\Microsoft\WindowsApps
USERNAME=prabi
OS=Windows_NT
PROCESSOR_IDENTIFIER=Intel64 Family 6 Model 140 Stepping 2, GenuineIntel



---------------  S Y S T E M  ---------------

OS:
 Windows 11 , 64 bit Build 26100 (10.0.26100.2454)
OS uptime: 0 days 12:30 hours
Hyper-V role detected

CPU: total 8 (initial active 8) (4 cores per cpu, 2 threads per core) family 6 model 140 stepping 2 microcode 0x34, cx8, cmov, fxsr, ht, mmx, 3dnowpref, sse, sse2, sse3, ssse3, sse4.1, sse4.2, popcnt, lzcnt, tsc, tscinvbit, avx, avx2, aes, erms, clmul, bmi1, bmi2, adx, avx512f, avx512dq, avx512cd, avx512bw, avx512vl, sha, fma, vzeroupper, avx512_vpopcntdq, avx512_vpclmulqdq, avx512_vaes, avx512_vnni, clflush, clflushopt, clwb, avx512_vbmi2, avx512_vbmi, hv

Memory: 4k page, system-wide physical 7835M (512M free)
TotalPageFile size 31387M (AvailPageFile size 6M)
current process WorkingSet (physical memory assigned to process): 19M, peak: 176M
current process commit charge ("private bytes"): 251M, peak: 295M

vm_info: Java HotSpot(TM) 64-Bit Server VM (17.0.2+8-LTS-86) for windows-amd64 JRE (17.0.2+8-LTS-86), built on Dec  7 2021 21:51:03 by "mach5one" with MS VC++ 16.8 / 16.9 (VS2019)

END.
